
[AVIS-YML] Identity: fire-gem-yml
[AVIS-YML] Status: Path Verified
[AVIS-SH] ENGAGED: Starting fire-gem.sh
[AVIS-ENGINE] Parsing Macro INI...
[AVIS-YML] Identity: fire-gem-yml
[AVIS-YML] Status: Path Verified
[AVIS-SH] ENGAGED: Starting fire-gem.sh
[AVIS-ENGINE] Parsing Macro INI...
[AVIS-YML] Identity: fire-gem-yml
[AVIS-YML] Status: Path Verified
[AVIS-SH] ENGAGED: Starting fire-gem.sh
[AVIS-ENGINE] Parsing Macro INI...
[AVIS-YML] Identity: fire-gem-yml
[AVIS-YML] Status: Path Verified
[AVIS-SH] ENGAGED: Starting fire-gem.sh
[AVIS-ENGINE] Parsing Macro INI...
[AVIS-YML] Identity: fire-gem-yml
[AVIS-YML] Status: Path Verified
[AVIS-SH] ENGAGED: Starting fire-gem.sh
[AVIS-ENGINE] Parsing Macro INI...
[AVIS-YML] Identity: fire-gem-yml
[AVIS-YML] Status: Path Verified
[AVIS-SH] ENGAGED: Sequential Loader Active
[AVIS-SH] Loading Binaries from INI Sequence...
[AVIS-SH] Sequence Complete. Server Sync Ready.
